Log file open, 04/06/19 20:56:45
LogWindows: Failed to load 'aqProf.dll' (GetLastError=126)
LogWindows: File 'aqProf.dll' does not exist
LogWindows: Failed to load 'VtuneApi.dll' (GetLastError=126)
LogWindows: File 'VtuneApi.dll' does not exist
LogWindows: Failed to load 'VtuneApi32e.dll' (GetLastError=126)
LogWindows: File 'VtuneApi32e.dll' does not exist
LogConsoleResponse: Display: Failed to find resolution value strings in scalability ini. Falling back to default.
LogInit: Display: Running engine for game: Prototype
LogPakFile: Registered encryption key '00000000000000000000000000000000': 0 pak files mounted, 0 remain pending
LogPlatformFile: Not using cached read wrapper
LogTaskGraph: Started task graph with 5 named threads and 23 total threads with 3 sets of task threads.
LogStats: Stats thread started at 0.302497
LogD3D11RHI: Loaded GFSDK_Aftermath_Lib.x64.dll
LogICUInternationalization: ICU TimeZone Detection - Raw Offset: +0:00, Platform Override: ''
LogPluginManager: Mounting plugin Paper2D
LogPluginManager: Mounting plugin AISupport
LogPluginManager: Mounting plugin LightPropagationVolume
LogPluginManager: Mounting plugin ActorLayerUtilities
LogPluginManager: Mounting plugin CLionSourceCodeAccess
LogPluginManager: Mounting plugin CodeLiteSourceCodeAccess
LogPluginManager: Mounting plugin GitSourceControl
LogPluginManager: Mounting plugin KDevelopSourceCodeAccess
LogPluginManager: Mounting plugin NullSourceCodeAccess
LogPluginManager: Mounting plugin PerforceSourceControl
LogPluginManager: Mounting plugin SubversionSourceControl
LogPluginManager: Mounting plugin UObjectPlugin
LogPluginManager: Mounting plugin VisualStudioCodeSourceCodeAccess
LogPluginManager: Mounting plugin VisualStudioSourceCodeAccess
LogPluginManager: Mounting plugin XCodeSourceCodeAccess
LogPluginManager: Mounting plugin AssetManagerEditor
LogPluginManager: Mounting plugin CryptoKeys
LogPluginManager: Mounting plugin DataValidation
LogPluginManager: Mounting plugin FacialAnimation
LogPluginManager: Mounting plugin GameplayTagsEditor
LogPluginManager: Mounting plugin MacGraphicsSwitching
LogPluginManager: Mounting plugin MeshEditor
LogPluginManager: Mounting plugin MobileLauncherProfileWizard
LogPluginManager: Mounting plugin PluginBrowser
LogPluginManager: Mounting plugin SpeedTreeImporter
LogPluginManager: Mounting plugin DatasmithContent
LogPluginManager: Mounting plugin VariantManagerContent
LogPluginManager: Mounting plugin AlembicImporter
LogPluginManager: Mounting plugin AppleImageUtils
LogPluginManager: Mounting plugin AppleVision
LogPluginManager: Mounting plugin BackChannel
LogPluginManager: Mounting plugin CharacterAI
LogPluginManager: Mounting plugin GeometryCache
LogPluginManager: Mounting plugin HTML5Networking
LogPluginManager: Mounting plugin ProxyLODPlugin
LogPluginManager: Mounting plugin MagicLeap
LogPluginManager: Mounting plugin MagicLeapMedia
LogPluginManager: Mounting plugin AndroidMedia
LogPluginManager: Mounting plugin AvfMedia
LogPluginManager: Mounting plugin ImgMedia
LogPluginManager: Mounting plugin LinearTimecode
LogPluginManager: Mounting plugin MediaCompositing
LogPluginManager: Mounting plugin MediaPlayerEditor
LogPluginManager: Mounting plugin WebMMedia
LogPluginManager: Mounting plugin WmfMedia
LogPluginManager: Mounting plugin TcpMessaging
LogPluginManager: Mounting plugin UdpMessaging
LogPluginManager: Mounting plugin ActorSequence
LogPluginManager: Mounting plugin LevelSequenceEditor
LogPluginManager: Mounting plugin MatineeToLevelSequence
LogPluginManager: Mounting plugin NetcodeUnitTest
LogPluginManager: Mounting plugin NUTUnrealEngine4
LogPluginManager: Mounting plugin OnlineSubsystemGooglePlay
LogPluginManager: Mounting plugin OnlineSubsystemIOS
LogPluginManager: Mounting plugin OnlineSubsystem
LogPluginManager: Mounting plugin OnlineSubsystemNull
LogPluginManager: Mounting plugin OnlineSubsystemUtils
LogPluginManager: Mounting plugin LauncherChunkInstaller
LogPluginManager: Mounting plugin AndroidDeviceProfileSelector
LogPluginManager: Mounting plugin AndroidMoviePlayer
LogPluginManager: Mounting plugin AndroidPermission
LogPluginManager: Mounting plugin AppleMoviePlayer
LogPluginManager: Mounting plugin ArchVisCharacter
LogPluginManager: Mounting plugin AudioCapture
LogPluginManager: Mounting plugin CableComponent
LogPluginManager: Mounting plugin CustomMeshComponent
LogPluginManager: Mounting plugin EditableMesh
LogPluginManager: Mounting plugin ExampleDeviceProfileSelector
LogPluginManager: Mounting plugin Firebase
LogPluginManager: Mounting plugin GoogleCloudMessaging
LogPluginManager: Mounting plugin IOSDeviceProfileSelector
LogPluginManager: Mounting plugin LinuxDeviceProfileSelector
LogPluginManager: Mounting plugin LocationServicesBPLibrary
LogPluginManager: Mounting plugin MobilePatchingUtils
LogPluginManager: Mounting plugin OculusVR
LogPluginManager: Mounting plugin PhysXVehicles
LogPluginManager: Mounting plugin ProceduralMeshComponent
LogPluginManager: Mounting plugin RuntimePhysXCooking
LogPluginManager: Mounting plugin SteamVR
LogPluginManager: Mounting plugin WebMMoviePlayer
LogPluginManager: Mounting plugin WindowsMoviePlayer
LogStreaming: Display: Took  0.157s to configure plugins.
LogInit: Using libcurl 7.55.1-DEV
LogInit:  - built for x86_64-pc-win32
LogInit:  - supports SSL with OpenSSL/1.0.2h
LogInit:  - supports HTTP deflate (compression) using libz 1.2.8
LogInit:  - other features:
LogInit:      CURL_VERSION_SSL
LogInit:      CURL_VERSION_LIBZ
LogInit:      CURL_VERSION_IPV6
LogInit:      CURL_VERSION_ASYNCHDNS
LogInit:      CURL_VERSION_LARGEFILE
LogInit:      CURL_VERSION_IDN
LogInit:  CurlRequestOptions (configurable via config and command line):
LogInit:  - bVerifyPeer = true  - Libcurl will verify peer certificate
LogInit:  - bUseHttpProxy = false  - Libcurl will NOT use HTTP proxy
LogInit:  - bDontReuseConnections = false  - Libcurl will reuse connections
LogInit:  - MaxHostConnections = 16  - Libcurl will limit the number of connections to a host
LogInit:  - LocalHostAddr = Default
LogInit:  - BufferSize = 65536
LogInit: WinSock: version 1.1 (2.2), MaxSocks=32767, MaxUdp=65467
LogInit: Build: ++UE4+Release-4.21-CL-4753647
LogInit: Engine Version: 4.21.2-4753647+++UE4+Release-4.21
LogInit: Compatible Engine Version: 4.21.0-4541578+++UE4+Release-4.21
LogInit: Net CL: 4541578
LogInit: OS: Windows 10 (), CPU: Intel(R) Core(TM) i7-7700HQ CPU @ 2.80GHz, GPU: Intel(R) HD Graphics 630
LogInit: Compiled (64-bit): Jan 19 2019 02:07:31
LogInit: Compiled with Visual C++: 19.13.26129.00
LogInit: Build Configuration: Development
LogInit: Branch Name: ++UE4+Release-4.21
LogInit: Command Line: 
LogInit: Base Directory: C:/Program Files/Epic Games/UE_4.21/Engine/Binaries/Win64/
LogInit: Installed Engine Build: 1
LogDevObjectVersion: Number of dev versions registered: 22
LogDevObjectVersion:   Dev-Blueprints (B0D832E4-1F89-4F0D-ACCF-7EB736FD4AA2): 10
LogDevObjectVersion:   Dev-Build (E1C64328-A22C-4D53-A36C-8E866417BD8C): 0
LogDevObjectVersion:   Dev-Core (375EC13C-06E4-48FB-B500-84F0262A717E): 2
LogDevObjectVersion:   Dev-Editor (E4B068ED-F494-42E9-A231-DA0B2E46BB41): 26
LogDevObjectVersion:   Dev-Framework (CFFC743F-43B0-4480-9391-14DF171D2073): 34
LogDevObjectVersion:   Dev-Mobile (B02B49B5-BB20-44E9-A304-32B752E40360): 2
LogDevObjectVersion:   Dev-Networking (A4E4105C-59A1-49B5-A7C5-40C4547EDFEE): 0
LogDevObjectVersion:   Dev-Online (39C831C9-5AE6-47DC-9A44-9C173E1C8E7C): 0
LogDevObjectVersion:   Dev-Physics (78F01B33-EBEA-4F98-B9B4-84EACCB95AA2): 0
LogDevObjectVersion:   Dev-Platform (6631380F-2D4D-43E0-8009-CF276956A95A): 0
LogDevObjectVersion:   Dev-Rendering (12F88B9F-8875-4AFC-A67C-D90C383ABD29): 27
LogDevObjectVersion:   Dev-Sequencer (7B5AE74C-D270-4C10-A958-57980B212A5A): 9
LogDevObjectVersion:   Dev-VR (D7296918-1DD6-4BDD-9DE2-64A83CC13884): 2
LogDevObjectVersion:   Dev-LoadTimes (C2A15278-BFE7-4AFE-6C17-90FF531DF755): 1
LogDevObjectVersion:   Private-Geometry (6EACA3D4-40EC-4CC1-B786-8BED09428FC5): 3
LogDevObjectVersion:   Dev-AnimPhys (29E575DD-E0A3-4627-9D10-D276232CDCEA): 17
LogDevObjectVersion:   Dev-Anim (AF43A65D-7FD3-4947-9873-3E8ED9C1BB05): 2
LogDevObjectVersion:   Dev-ReflectionCapture (6B266CEC-1EC7-4B8F-A30B-E4D90942FC07): 1
LogDevObjectVersion:   Dev-Automation (0DF73D61-A23F-47EA-B727-89E90C41499A): 1
LogDevObjectVersion:   FortniteMain (601D1886-AC64-4F84-AA16-D3DE0DEAC7D6): 17
LogDevObjectVersion:   Dev-Enterprise (9DFFBCD6-494F-0158-E221-12823C92A888): 4
LogDevObjectVersion:   Dev-Niagara (F2AED0AC-9AFE-416F-8664-AA7FFA26D6FC): 1
LogStreaming: Display: Took  0.002s to delete old logs.
LogInit: Presizing for max 8388607 objects, including 0 objects not considered by GC, pre-allocating 0 bytes for permanent pool.
LogInit: Object subsystem initialized
LogConfig: Setting CVar [[con.DebugEarlyDefault:1]]
LogConfig: Setting CVar [[r.setres:1280x720]]
[2019.04.06-19.56.46:006][  0]LogConfig: Setting CVar [[r.VSync:0]]
[2019.04.06-19.56.46:006][  0]LogConfig: Setting CVar [[r.RHICmdBypass:0]]
[2019.04.06-19.56.46:006][  0]LogConfig: Applying CVar settings from Section [/Script/Engine.RendererSettings] File [C:/Users/dielb/Desktop/DES502 Project/Prototype2/Saved/Config/Windows/Engine.ini]
[2019.04.06-19.56.46:006][  0]LogConfig: Setting CVar [[r.GPUCrashDebugging:0]]
[2019.04.06-19.56.46:006][  0]LogConfig: Applying CVar settings from Section [/Script/Engine.RendererOverrideSettings] File [C:/Users/dielb/Desktop/DES502 Project/Prototype2/Saved/Config/Windows/Engine.ini]
[2019.04.06-19.56.46:006][  0]LogConfig: Applying CVar settings from Section [/Script/Engine.StreamingSettings] File [C:/Users/dielb/Desktop/DES502 Project/Prototype2/Saved/Config/Windows/Engine.ini]
[2019.04.06-19.56.46:006][  0]LogConfig: Setting CVar [[s.MinBulkDataSizeForAsyncLoading:131072]]
[2019.04.06-19.56.46:007][  0]LogConfig: Setting CVar [[s.AsyncLoadingThreadEnabled:0]]
[2019.04.06-19.56.46:007][  0]LogConfig: Setting CVar [[s.EventDrivenLoaderEnabled:1]]
[2019.04.06-19.56.46:007][  0]LogConfig: Setting CVar [[s.WarnIfTimeLimitExceeded:0]]
[2019.04.06-19.56.46:007][  0]LogConfig: Setting CVar [[s.TimeLimitExceededMultiplier:1.5]]
[2019.04.06-19.56.46:007][  0]LogConfig: Setting CVar [[s.TimeLimitExceededMinTime:0.005]]
[2019.04.06-19.56.46:007][  0]LogConfig: Setting CVar [[s.UseBackgroundLevelStreaming:1]]
[2019.04.06-19.56.46:007][  0]LogConfig: Setting CVar [[s.PriorityAsyncLoadingExtraTime:15.0]]
[2019.04.06-19.56.46:007][  0]LogConfig: Setting CVar [[s.LevelStreamingActorsUpdateTimeLimit:5.0]]
[2019.04.06-19.56.46:007][  0]LogConfig: Setting CVar [[s.PriorityLevelStreamingActorsUpdateExtraTime:5.0]]
[2019.04.06-19.56.46:007][  0]LogConfig: Setting CVar [[s.LevelStreamingComponentsRegistrationGranularity:10]]
[2019.04.06-19.56.46:007][  0]LogConfig: Setting CVar [[s.UnregisterComponentsTimeLimit:1.0]]
[2019.04.06-19.56.46:007][  0]LogConfig: Setting CVar [[s.LevelStreamingComponentsUnregistrationGranularity:5]]
[2019.04.06-19.56.46:007][  0]LogConfig: Applying CVar settings from Section [/Script/Engine.GarbageCollectionSettings] File [C:/Users/dielb/Desktop/DES502 Project/Prototype2/Saved/Config/Windows/Engine.ini]
[2019.04.06-19.56.46:007][  0]LogConfig: Setting CVar [[gc.MaxObjectsNotConsideredByGC:1]]
[2019.04.06-19.56.46:007][  0]LogConfig: Setting CVar [[gc.SizeOfPermanentObjectPool:0]]
[2019.04.06-19.56.46:007][  0]LogConfig: Setting CVar [[gc.FlushStreamingOnGC:0]]
[2019.04.06-19.56.46:007][  0]LogConfig: Setting CVar [[gc.NumRetriesBeforeForcingGC:10]]
[2019.04.06-19.56.46:007][  0]LogConfig: Setting CVar [[gc.AllowParallelGC:1]]
[2019.04.06-19.56.46:007][  0]LogConfig: Setting CVar [[gc.TimeBetweenPurgingPendingKillObjects:61.1]]
[2019.04.06-19.56.46:007][  0]LogConfig: Setting CVar [[gc.MaxObjectsInEditor:8388607]]
[2019.04.06-19.56.46:007][  0]LogConfig: Setting CVar [[gc.IncrementalBeginDestroyEnabled:1]]
[2019.04.06-19.56.46:007][  0]LogConfig: Setting CVar [[gc.CreateGCClusters:1]]
[2019.04.06-19.56.46:007][  0]LogConfig: Setting CVar [[gc.MergeGCClusters:0]]
[2019.04.06-19.56.46:007][  0]LogConfig: Setting CVar [[gc.MinGCClusterSize:5]]
[2019.04.06-19.56.46:007][  0]LogConfig: Setting CVar [[gc.ActorClusteringEnabled:0]]
[2019.04.06-19.56.46:007][  0]LogConfig: Setting CVar [[gc.BlueprintClusteringEnabled:0]]
[2019.04.06-19.56.46:007][  0]LogConfig: Setting CVar [[gc.UseDisregardForGCOnDedicatedServers:0]]
[2019.04.06-19.56.46:007][  0]LogConfig: Applying CVar settings from Section [/Script/Engine.NetworkSettings] File [C:/Users/dielb/Desktop/DES502 Project/Prototype2/Saved/Config/Windows/Engine.ini]
[2019.04.06-19.56.46:007][  0]LogConfig: Applying CVar settings from Section [/Script/UnrealEd.CookerSettings] File [C:/Users/dielb/Desktop/DES502 Project/Prototype2/Saved/Config/Windows/Engine.ini]
[2019.04.06-19.56.46:011][  0]LogConfig: Applying CVar settings from Section [ViewDistanceQuality@3] File [C:/Users/dielb/Desktop/DES502 Project/Prototype2/Saved/Config/Windows/Scalability.ini]
[2019.04.06-19.56.46:011][  0]LogConfig: Setting CVar [[r.SkeletalMeshLODBias:0]]
[2019.04.06-19.56.46:011][  0]LogConfig: Setting CVar [[r.ViewDistanceScale:1.0]]
[2019.04.06-19.56.46:011][  0]LogConfig: Applying CVar settings from Section [AntiAliasingQuality@3] File [C:/Users/dielb/Desktop/DES502 Project/Prototype2/Saved/Config/Windows/Scalability.ini]
[2019.04.06-19.56.46:011][  0]LogConfig: Setting CVar [[r.PostProcessAAQuality:4]]
[2019.04.06-19.56.46:011][  0]LogConfig: Applying CVar settings from Section [ShadowQuality@3] File [C:/Users/dielb/Desktop/DES502 Project/Prototype2/Saved/Config/Windows/Scalability.ini]
[2019.04.06-19.56.46:011][  0]LogConfig: Setting CVar [[r.LightFunctionQuality:1]]
[2019.04.06-19.56.46:011][  0]LogConfig: Setting CVar [[r.ShadowQuality:5]]
[2019.04.06-19.56.46:011][  0]LogConfig: Setting CVar [[r.Shadow.CSM.MaxCascades:10]]
[2019.04.06-19.56.46:011][  0]LogConfig: Setting CVar [[r.Shadow.MaxResolution:2048]]
[2019.04.06-19.56.46:011][  0]LogConfig: Setting CVar [[r.Shadow.MaxCSMResolution:2048]]
[2019.04.06-19.56.46:011][  0]LogConfig: Setting CVar [[r.Shadow.RadiusThreshold:0.01]]
[2019.04.06-19.56.46:011][  0]LogConfig: Setting CVar [[r.Shadow.DistanceScale:1.0]]
[2019.04.06-19.56.46:011][  0]LogConfig: Setting CVar [[r.Shadow.CSM.TransitionScale:1.0]]
[2019.04.06-19.56.46:011][  0]LogConfig: Setting CVar [[r.Shadow.PreShadowResolutionFactor:1.0]]
[2019.04.06-19.56.46:011][  0]LogConfig: Setting CVar [[r.DistanceFieldShadowing:1]]
[2019.04.06-19.56.46:011][  0]LogConfig: Setting CVar [[r.DistanceFieldAO:1]]
[2019.04.06-19.56.46:011][  0]LogConfig: Setting CVar [[r.AOQuality:2]]
[2019.04.06-19.56.46:011][  0]LogConfig: Setting CVar [[r.VolumetricFog:1]]
[2019.04.06-19.56.46:011][  0]LogConfig: Setting CVar [[r.VolumetricFog.GridPixelSize:8]]
[2019.04.06-19.56.46:011][  0]LogConfig: Setting CVar [[r.VolumetricFog.GridSizeZ:128]]
[2019.04.06-19.56.46:011][  0]LogConfig: Setting CVar [[r.VolumetricFog.HistoryMissSupersampleCount:4]]
[2019.04.06-19.56.46:011][  0]LogConfig: Setting CVar [[r.LightMaxDrawDistanceScale:1]]
[2019.04.06-19.56.46:011][  0]LogConfig: Setting CVar [[r.CapsuleShadows:1]]
[2019.04.06-19.56.46:011][  0]LogConfig: Applying CVar settings from Section [PostProcessQuality@3] File [C:/Users/dielb/Desktop/DES502 Project/Prototype2/Saved/Config/Windows/Scalability.ini]
[2019.04.06-19.56.46:011][  0]LogConfig: Setting CVar [[r.MotionBlurQuality:4]]
[2019.04.06-19.56.46:011][  0]LogConfig: Setting CVar [[r.AmbientOcclusionMipLevelFactor:0.4]]
[2019.04.06-19.56.46:011][  0]LogConfig: Setting CVar [[r.AmbientOcclusionMaxQuality:100]]
[2019.04.06-19.56.46:011][  0]LogConfig: Setting CVar [[r.AmbientOcclusionLevels:-1]]
[2019.04.06-19.56.46:011][  0]LogConfig: Setting CVar [[r.AmbientOcclusionRadiusScale:1.0]]
[2019.04.06-19.56.46:011][  0]LogConfig: Setting CVar [[r.DepthOfFieldQuality:2]]
[2019.04.06-19.56.46:011][  0]LogConfig: Setting CVar [[r.RenderTargetPoolMin:400]]
[2019.04.06-19.56.46:011][  0]LogConfig: Setting CVar [[r.LensFlareQuality:2]]
[2019.04.06-19.56.46:011][  0]LogConfig: Setting CVar [[r.SceneColorFringeQuality:1]]
[2019.04.06-19.56.46:011][  0]LogConfig: Setting CVar [[r.EyeAdaptationQuality:2]]
[2019.04.06-19.56.46:012][  0]LogConfig: Setting CVar [[r.BloomQuality:5]]
[2019.04.06-19.56.46:012][  0]LogConfig: Setting CVar [[r.FastBlurThreshold:100]]
[2019.04.06-19.56.46:012][  0]LogConfig: Setting CVar [[r.Upscale.Quality:3]]
[2019.04.06-19.56.46:012][  0]LogConfig: Setting CVar [[r.Tonemapper.GrainQuantization:1]]
[2019.04.06-19.56.46:012][  0]LogConfig: Setting CVar [[r.LightShaftQuality:1]]
[2019.04.06-19.56.46:012][  0]LogConfig: Setting CVar [[r.Filter.SizeScale:1]]
[2019.04.06-19.56.46:012][  0]LogConfig: Setting CVar [[r.Tonemapper.Quality:5]]
[2019.04.06-19.56.46:012][  0]LogConfig: Setting CVar [[r.DOF.Gather.AccumulatorQuality:1        ; higher gathering accumulator quality]]
[2019.04.06-19.56.46:012][  0]LogConfig: Setting CVar [[r.DOF.Gather.PostfilterMethod:1          ; Median3x3 postfilering method]]
[2019.04.06-19.56.46:012][  0]LogConfig: Setting CVar [[r.DOF.Gather.EnableBokehSettings:0       ; no bokeh simulation when gathering]]
[2019.04.06-19.56.46:012][  0]LogConfig: Setting CVar [[r.DOF.Gather.RingCount:4                 ; medium number of samples when gathering]]
[2019.04.06-19.56.46:012][  0]LogConfig: Setting CVar [[r.DOF.Scatter.ForegroundCompositing:1    ; additive foreground scattering]]
[2019.04.06-19.56.46:012][  0]LogConfig: Setting CVar [[r.DOF.Scatter.BackgroundCompositing:2    ; additive background scattering]]
[2019.04.06-19.56.46:012][  0]LogConfig: Setting CVar [[r.DOF.Scatter.EnableBokehSettings:1      ; bokeh simulation when scattering]]
[2019.04.06-19.56.46:012][  0]LogConfig: Setting CVar [[r.DOF.Scatter.MaxSpriteRatio:0.1         ; only a maximum of 10% of scattered bokeh]]
[2019.04.06-19.56.46:012][  0]LogConfig: Setting CVar [[r.DOF.Recombine.Quality:1                ; cheap slight out of focus]]
[2019.04.06-19.56.46:012][  0]LogConfig: Setting CVar [[r.DOF.Recombine.EnableBokehSettings:0    ; no bokeh simulation on slight out of focus]]
[2019.04.06-19.56.46:012][  0]LogConfig: Setting CVar [[r.DOF.TemporalAAQuality:1                ; more stable temporal accumulation]]
[2019.04.06-19.56.46:012][  0]LogConfig: Setting CVar [[r.DOF.Kernel.MaxForegroundRadius:0.025]]
[2019.04.06-19.56.46:012][  0]LogConfig: Setting CVar [[r.DOF.Kernel.MaxBackgroundRadius:0.025]]
[2019.04.06-19.56.46:012][  0]LogConfig: Applying CVar settings from Section [TextureQuality@3] File [C:/Users/dielb/Desktop/DES502 Project/Prototype2/Saved/Config/Windows/Scalability.ini]
[2019.04.06-19.56.46:012][  0]LogConfig: Setting CVar [[r.Streaming.MipBias:0]]
[2019.04.06-19.56.46:012][  0]LogConfig: Setting CVar [[r.Streaming.AmortizeCPUToGPUCopy:0]]
[2019.04.06-19.56.46:012][  0]LogConfig: Setting CVar [[r.Streaming.MaxNumTexturesToStreamPerFrame:0]]
[2019.04.06-19.56.46:012][  0]LogConfig: Setting CVar [[r.Streaming.Boost:1]]
[2019.04.06-19.56.46:012][  0]LogConfig: Setting CVar [[r.MaxAnisotropy:8]]
[2019.04.06-19.56.46:012][  0]LogConfig: Setting CVar [[r.Streaming.LimitPoolSizeToVRAM:0]]
[2019.04.06-19.56.46:012][  0]LogConfig: Setting CVar [[r.Streaming.PoolSize:1000]]
[2019.04.06-19.56.46:012][  0]LogConfig: Setting CVar [[r.Streaming.MaxEffectiveScreenSize:0]]
[2019.04.06-19.56.46:012][  0]LogConfig: Applying CVar settings from Section [EffectsQuality@3] File [C:/Users/dielb/Desktop/DES502 Project/Prototype2/Saved/Config/Windows/Scalability.ini]
[2019.04.06-19.56.46:012][  0]LogConfig: Setting CVar [[r.TranslucencyLightingVolumeDim:64]]
[2019.04.06-19.56.46:012][  0]LogConfig: Setting CVar [[r.RefractionQuality:2]]
[2019.04.06-19.56.46:012][  0]LogConfig: Setting CVar [[r.SSR.Quality:3]]
[2019.04.06-19.56.46:012][  0]LogConfig: Setting CVar [[r.SceneColorFormat:4]]
[2019.04.06-19.56.46:012][  0]LogConfig: Setting CVar [[r.DetailMode:2]]
[2019.04.06-19.56.46:013][  0]LogConfig: Setting CVar [[r.TranslucencyVolumeBlur:1]]
[2019.04.06-19.56.46:013][  0]LogConfig: Setting CVar [[r.MaterialQualityLevel:1 ; High quality]]
[2019.04.06-19.56.46:013][  0]LogConfig: Setting CVar [[r.SSS.Scale:1]]
[2019.04.06-19.56.46:013][  0]LogConfig: Setting CVar [[r.SSS.SampleSet:2]]
[2019.04.06-19.56.46:013][  0]LogConfig: Setting CVar [[r.SSS.Quality:1]]
[2019.04.06-19.56.46:013][  0]LogConfig: Setting CVar [[r.SSS.HalfRes:1]]
[2019.04.06-19.56.46:013][  0]LogConfig: Setting CVar [[r.EmitterSpawnRateScale:1.0]]
[2019.04.06-19.56.46:013][  0]LogConfig: Setting CVar [[r.ParticleLightQuality:2]]
[2019.04.06-19.56.46:013][  0]LogConfig: Applying CVar settings from Section [FoliageQuality@3] File [C:/Users/dielb/Desktop/DES502 Project/Prototype2/Saved/Config/Windows/Scalability.ini]
[2019.04.06-19.56.46:013][  0]LogConfig: Setting CVar [[foliage.DensityScale:1.0]]
[2019.04.06-19.56.46:013][  0]LogConfig: Setting CVar [[grass.DensityScale:1.0]]
[2019.04.06-19.56.46:013][  0]LogInit: Selected Device Profile: [Windows]
[2019.04.06-19.56.46:013][  0]LogInit: Applying CVar settings loaded from the selected device profile: [Windows]
[2019.04.06-19.56.46:025][  0]LogHAL: Display: Platform has ~ 16 GB [17062002688 / 17179869184 / 16], which maps to Larger [LargestMinGB=32, LargerMinGB=12, DefaultMinGB=8, SmallerMinGB=6, SmallestMinGB=0)
[2019.04.06-19.56.46:025][  0]LogConfig: Setting CVar [[r.Vulkan.UseRealUBs:1]]
[2019.04.06-19.56.46:025][  0]LogInit: Going up to parent DeviceProfile []
[2019.04.06-19.56.46:025][  0]LogConfig: Applying CVar settings from Section [ViewDistanceQuality@3] File [C:/Users/dielb/Desktop/DES502 Project/Prototype2/Saved/Config/Windows/Scalability.ini]
[2019.04.06-19.56.46:025][  0]LogConfig: Setting CVar [[r.SkeletalMeshLODBias:0]]
[2019.04.06-19.56.46:025][  0]LogConfig: Setting CVar [[r.ViewDistanceScale:1.0]]
[2019.04.06-19.56.46:025][  0]LogConfig: Applying CVar settings from Section [AntiAliasingQuality@3] File [C:/Users/dielb/Desktop/DES502 Project/Prototype2/Saved/Config/Windows/Scalability.ini]
[2019.04.06-19.56.46:025][  0]LogConfig: Setting CVar [[r.PostProcessAAQuality:4]]
[2019.04.06-19.56.46:025][  0]LogConfig: Applying CVar settings from Section [ShadowQuality@3] File [C:/Users/dielb/Desktop/DES502 Project/Prototype2/Saved/Config/Windows/Scalability.ini]
[2019.04.06-19.56.46:025][  0]LogConfig: Setting CVar [[r.LightFunctionQuality:1]]
[2019.04.06-19.56.46:025][  0]LogConfig: Setting CVar [[r.ShadowQuality:5]]
[2019.04.06-19.56.46:025][  0]LogConfig: Setting CVar [[r.Shadow.CSM.MaxCascades:10]]
[2019.04.06-19.56.46:025][  0]LogConfig: Setting CVar [[r.Shadow.MaxResolution:2048]]
[2019.04.06-19.56.46:025][  0]LogConfig: Setting CVar [[r.Shadow.MaxCSMResolution:2048]]
[2019.04.06-19.56.46:025][  0]LogConfig: Setting CVar [[r.Shadow.RadiusThreshold:0.01]]
[2019.04.06-19.56.46:025][  0]LogConfig: Setting CVar [[r.Shadow.DistanceScale:1.0]]
[2019.04.06-19.56.46:025][  0]LogConfig: Setting CVar [[r.Shadow.CSM.TransitionScale:1.0]]
[2019.04.06-19.56.46:025][  0]LogConfig: Setting CVar [[r.Shadow.PreShadowResolutionFactor:1.0]]
[2019.04.06-19.56.46:026][  0]LogConfig: Setting CVar [[r.DistanceFieldShadowing:1]]
[2019.04.06-19.56.46:026][  0]LogConfig: Setting CVar [[r.DistanceFieldAO:1]]
[2019.04.06-19.56.46:026][  0]LogConfig: Setting CVar [[r.AOQuality:2]]
[2019.04.06-19.56.46:026][  0]LogConfig: Setting CVar [[r.VolumetricFog:1]]
[2019.04.06-19.56.46:026][  0]LogConfig: Setting CVar [[r.VolumetricFog.GridPixelSize:8]]
[2019.04.06-19.56.46:026][  0]LogConfig: Setting CVar [[r.VolumetricFog.GridSizeZ:128]]
[2019.04.06-19.56.46:026][  0]LogConfig: Setting CVar [[r.VolumetricFog.HistoryMissSupersampleCount:4]]
[2019.04.06-19.56.46:026][  0]LogConfig: Setting CVar [[r.LightMaxDrawDistanceScale:1]]
[2019.04.06-19.56.46:026][  0]LogConfig: Setting CVar [[r.CapsuleShadows:1]]
[2019.04.06-19.56.46:026][  0]LogConfig: Applying CVar settings from Section [PostProcessQuality@3] File [C:/Users/dielb/Desktop/DES502 Project/Prototype2/Saved/Config/Windows/Scalability.ini]
[2019.04.06-19.56.46:026][  0]LogConfig: Setting CVar [[r.MotionBlurQuality:4]]
[2019.04.06-19.56.46:026][  0]LogConfig: Setting CVar [[r.AmbientOcclusionMipLevelFactor:0.4]]
[2019.04.06-19.56.46:026][  0]LogConfig: Setting CVar [[r.AmbientOcclusionMaxQuality:100]]
[2019.04.06-19.56.46:026][  0]LogConfig: Setting CVar [[r.AmbientOcclusionLevels:-1]]
[2019.04.06-19.56.46:026][  0]LogConfig: Setting CVar [[r.AmbientOcclusionRadiusScale:1.0]]
[2019.04.06-19.56.46:026][  0]LogConfig: Setting CVar [[r.DepthOfFieldQuality:2]]
[2019.04.06-19.56.46:026][  0]LogConfig: Setting CVar [[r.RenderTargetPoolMin:400]]
[2019.04.06-19.56.46:026][  0]LogConfig: Setting CVar [[r.LensFlareQuality:2]]
[2019.04.06-19.56.46:026][  0]LogConfig: Setting CVar [[r.SceneColorFringeQuality:1]]
[2019.04.06-19.56.46:026][  0]LogConfig: Setting CVar [[r.EyeAdaptationQuality:2]]
[2019.04.06-19.56.46:026][  0]LogConfig: Setting CVar [[r.BloomQuality:5]]
[2019.04.06-19.56.46:026][  0]LogConfig: Setting CVar [[r.FastBlurThreshold:100]]
[2019.04.06-19.56.46:026][  0]LogConfig: Setting CVar [[r.Upscale.Quality:3]]
[2019.04.06-19.56.46:026][  0]LogConfig: Setting CVar [[r.Tonemapper.GrainQuantization:1]]
[2019.04.06-19.56.46:026][  0]LogConfig: Setting CVar [[r.LightShaftQuality:1]]
[2019.04.06-19.56.46:026][  0]LogConfig: Setting CVar [[r.Filter.SizeScale:1]]
[2019.04.06-19.56.46:026][  0]LogConfig: Setting CVar [[r.Tonemapper.Quality:5]]
[2019.04.06-19.56.46:026][  0]LogConfig: Setting CVar [[r.DOF.Gather.AccumulatorQuality:1        ; higher gathering accumulator quality]]
[2019.04.06-19.56.46:026][  0]LogConfig: Setting CVar [[r.DOF.Gather.PostfilterMethod:1          ; Median3x3 postfilering method]]
[2019.04.06-19.56.46:026][  0]LogConfig: Setting CVar [[r.DOF.Gather.EnableBokehSettings:0       ; no bokeh simulation when gathering]]
[2019.04.06-19.56.46:026][  0]LogConfig: Setting CVar [[r.DOF.Gather.RingCount:4                 ; medium number of samples when gathering]]
[2019.04.06-19.56.46:026][  0]LogConfig: Setting CVar [[r.DOF.Scatter.ForegroundCompositing:1    ; additive foreground scattering]]
[2019.04.06-19.56.46:026][  0]LogConfig: Setting CVar [[r.DOF.Scatter.BackgroundCompositing:2    ; additive background scattering]]
[2019.04.06-19.56.46:026][  0]LogConfig: Setting CVar [[r.DOF.Scatter.EnableBokehSettings:1      ; bokeh simulation when scattering]]
[2019.04.06-19.56.46:026][  0]LogConfig: Setting CVar [[r.DOF.Scatter.MaxSpriteRatio:0.1         ; only a maximum of 10% of scattered bokeh]]
[2019.04.06-19.56.46:026][  0]LogConfig: Setting CVar [[r.DOF.Recombine.Quality:1                ; cheap slight out of focus]]
[2019.04.06-19.56.46:026][  0]LogConfig: Setting CVar [[r.DOF.Recombine.EnableBokehSettings:0    ; no bokeh simulation on slight out of focus]]
[2019.04.06-19.56.46:026][  0]LogConfig: Setting CVar [[r.DOF.TemporalAAQuality:1                ; more stable temporal accumulation]]
[2019.04.06-19.56.46:026][  0]LogConfig: Setting CVar [[r.DOF.Kernel.MaxForegroundRadius:0.025]]
[2019.04.06-19.56.46:026][  0]LogConfig: Setting CVar [[r.DOF.Kernel.MaxBackgroundRadius:0.025]]
[2019.04.06-19.56.46:026][  0]LogConfig: Applying CVar settings from Section [TextureQuality@3] File [C:/Users/dielb/Desktop/DES502 Project/Prototype2/Saved/Config/Windows/Scalability.ini]
[2019.04.06-19.56.46:026][  0]LogConfig: Setting CVar [[r.Streaming.MipBias:0]]
[2019.04.06-19.56.46:026][  0]LogConfig: Setting CVar [[r.Streaming.AmortizeCPUToGPUCopy:0]]
[2019.04.06-19.56.46:026][  0]LogConfig: Setting CVar [[r.Streaming.MaxNumTexturesToStreamPerFrame:0]]
[2019.04.06-19.56.46:026][  0]LogConfig: Setting CVar [[r.Streaming.Boost:1]]
[2019.04.06-19.56.46:026][  0]LogConfig: Setting CVar [[r.MaxAnisotropy:8]]
[2019.04.06-19.56.46:027][  0]LogConfig: Setting CVar [[r.Streaming.LimitPoolSizeToVRAM:0]]
[2019.04.06-19.56.46:027][  0]LogConfig: Setting CVar [[r.Streaming.PoolSize:1000]]
[2019.04.06-19.56.46:027][  0]LogConfig: Setting CVar [[r.Streaming.MaxEffectiveScreenSize:0]]
[2019.04.06-19.56.46:027][  0]LogConfig: Applying CVar settings from Section [EffectsQuality@3] File [C:/Users/dielb/Desktop/DES502 Project/Prototype2/Saved/Config/Windows/Scalability.ini]
[2019.04.06-19.56.46:027][  0]LogConfig: Setting CVar [[r.TranslucencyLightingVolumeDim:64]]
[2019.04.06-19.56.46:027][  0]LogConfig: Setting CVar [[r.RefractionQuality:2]]
[2019.04.06-19.56.46:027][  0]LogConfig: Setting CVar [[r.SSR.Quality:3]]
[2019.04.06-19.56.46:027][  0]LogConfig: Setting CVar [[r.SceneColorFormat:4]]
[2019.04.06-19.56.46:027][  0]LogConfig: Setting CVar [[r.DetailMode:2]]
[2019.04.06-19.56.46:027][  0]LogConfig: Setting CVar [[r.TranslucencyVolumeBlur:1]]
[2019.04.06-19.56.46:027][  0]LogConfig: Setting CVar [[r.MaterialQualityLevel:1 ; High quality]]
[2019.04.06-19.56.46:027][  0]LogConfig: Setting CVar [[r.SSS.Scale:1]]
[2019.04.06-19.56.46:027][  0]LogConfig: Setting CVar [[r.SSS.SampleSet:2]]
[2019.04.06-19.56.46:027][  0]LogConfig: Setting CVar [[r.SSS.Quality:1]]
[2019.04.06-19.56.46:027][  0]LogConfig: Setting CVar [[r.SSS.HalfRes:1]]
[2019.04.06-19.56.46:027][  0]LogConfig: Setting CVar [[r.EmitterSpawnRateScale:1.0]]
[2019.04.06-19.56.46:027][  0]LogConfig: Setting CVar [[r.ParticleLightQuality:2]]
[2019.04.06-19.56.46:027][  0]LogConfig: Applying CVar settings from Section [FoliageQuality@3] File [C:/Users/dielb/Desktop/DES502 Project/Prototype2/Saved/Config/Windows/Scalability.ini]
[2019.04.06-19.56.46:027][  0]LogConfig: Setting CVar [[foliage.DensityScale:1.0]]
[2019.04.06-19.56.46:027][  0]LogConfig: Setting CVar [[grass.DensityScale:1.0]]
[2019.04.06-19.56.46:027][  0]LogConfig: Applying CVar settings from Section [Startup] File [../../../Engine/Config/ConsoleVariables.ini]
[2019.04.06-19.56.46:027][  0]LogConfig: Setting CVar [[net.UseAdaptiveNetUpdateFrequency:0]]
[2019.04.06-19.56.46:027][  0]LogConfig: Applying CVar settings from Section [ConsoleVariables] File [C:/Users/dielb/Desktop/DES502 Project/Prototype2/Saved/Config/Windows/Engine.ini]
[2019.04.06-19.56.46:028][  0]LogInit: Computer: BᎬᏕᏕᎪᏒ༑ᎾN
[2019.04.06-19.56.46:028][  0]LogInit: User: dielb
[2019.04.06-19.56.46:028][  0]LogInit: CPU Page size=4096, Cores=4
[2019.04.06-19.56.46:028][  0]LogInit: High frequency timer resolution =10.000000 MHz
[2019.04.06-19.56.46:028][  0]LogMemory: Memory total: Physical=15.9GB (16GB approx)
[2019.04.06-19.56.46:028][  0]LogMemory: Platform Memory Stats for Windows
[2019.04.06-19.56.46:028][  0]LogMemory: Process Physical Memory: 104.62 MB used, 104.62 MB peak
[2019.04.06-19.56.46:028][  0]LogMemory: Process Virtual Memory: 100.16 MB used, 100.16 MB peak
[2019.04.06-19.56.46:028][  0]LogMemory: Physical Memory: 10177.90 MB used,  6093.69 MB free, 16271.59 MB total
[2019.04.06-19.56.46:028][  0]LogMemory: Virtual Memory: 4648.96 MB used,  134213080.00 MB free, 134217728.00 MB total
[2019.04.06-19.56.51:834][  0]LogInit: Using OS detected language (en-US).
[2019.04.06-19.56.51:834][  0]LogInit: Using OS detected locale (en-GB).
[2019.04.06-19.56.51:835][  0]LogTextLocalizationManager: No specific localization for 'en-US' exists, so the 'en' localization will be used.
[2019.04.06-19.56.52:281][  0]LogStreaming: Display: Took  0.447s to InitEngineTextLocalization.
[2019.04.06-19.56.52:281][  0]LogInit: Setting process to per monitor DPI aware
[2019.04.06-19.56.52:356][  0]LogSlate: New Slate User Created.  User Index 0, Is Virtual User: 0
[2019.04.06-19.56.52:356][  0]LogSlate: Slate User Registered.  User Index 0, Is Virtual User: 0
[2019.04.06-19.56.52:750][  0]LogHMD: Failed to initialize OpenVR with code 110
[2019.04.06-19.56.52:750][  0]LogD3D11RHI: D3D11 adapters:
[2019.04.06-19.56.53:704][  0]LogD3D11RHI:    0. 'NVIDIA GeForce GTX 1060' (Feature Level 11_0)
[2019.04.06-19.56.53:704][  0]LogD3D11RHI:       6052/0/8135 MB DedicatedVideo/DedicatedSystem/SharedSystem, Outputs:1, VendorId:0x10de
[2019.04.06-19.56.53:718][  0]LogD3D11RHI:    1. 'Intel(R) HD Graphics 630' (Feature Level 11_0)
[2019.04.06-19.56.53:718][  0]LogD3D11RHI:       128/0/8135 MB DedicatedVideo/DedicatedSystem/SharedSystem, Outputs:0, VendorId:0x8086
[2019.04.06-19.56.53:722][  0]LogD3D11RHI:    2. 'Microsoft Basic Render Driver' (Feature Level 11_0)
[2019.04.06-19.56.53:722][  0]LogD3D11RHI:       0/0/8135 MB DedicatedVideo/DedicatedSystem/SharedSystem, Outputs:0, VendorId:0x1414
[2019.04.06-19.56.53:722][  0]LogD3D11RHI: Chosen D3D11 Adapter: 0
[2019.04.06-19.56.53:816][  0]LogD3D11RHI: Creating new Direct3DDevice
[2019.04.06-19.56.53:816][  0]LogD3D11RHI:     GPU DeviceId: 0x1c20 (for the marketing name, search the web for "GPU Device Id")
[2019.04.06-19.56.53:816][  0]LogWindows: EnumDisplayDevices:
[2019.04.06-19.56.53:816][  0]LogWindows:    0. 'Intel(R) HD Graphics 630' (P:1 D:1)
[2019.04.06-19.56.53:817][  0]LogWindows:    1. 'Intel(R) HD Graphics 630' (P:0 D:0)
[2019.04.06-19.56.53:817][  0]LogWindows:    2. 'Intel(R) HD Graphics 630' (P:0 D:0)
[2019.04.06-19.56.53:818][  0]LogWindows:    3. 'NVIDIA GeForce GTX 1060' (P:0 D:0)
[2019.04.06-19.56.53:818][  0]LogWindows:    4. 'NVIDIA GeForce GTX 1060' (P:0 D:0)
[2019.04.06-19.56.53:819][  0]LogWindows:    5. 'NVIDIA GeForce GTX 1060' (P:0 D:0)
[2019.04.06-19.56.53:819][  0]LogWindows:    6. 'NVIDIA GeForce GTX 1060' (P:0 D:0)
[2019.04.06-19.56.53:820][  0]LogWindows: DebugString: PrimaryIsNotTheChoosenAdapter PrimaryIsNotTheChoosenAdapter PrimaryIsNotTheChoosenAdapter FoundDriverCount:4 
[2019.04.06-19.56.53:820][  0]LogD3D11RHI:     Adapter Name: NVIDIA GeForce GTX 1060
[2019.04.06-19.56.53:820][  0]LogD3D11RHI:   Driver Version: 417.35 (internal:25.21.14.1735, unified:417.35)
[2019.04.06-19.56.53:820][  0]LogD3D11RHI:      Driver Date: 12-11-2018
[2019.04.06-19.56.53:820][  0]LogRHI: Texture pool is 4236 MB (70% of 6052 MB)
[2019.04.06-19.56.53:880][  0]LogD3D11RHI: Async texture creation enabled
[2019.04.06-19.56.53:908][  0]LogD3D11RHI: GPU Timing Frequency: 1000.000000 (Debug: 2 2)
[2019.04.06-19.56.54:416][  0]LogTemp: Display: Loaded TP AllDesktopTargetPlatform
[2019.04.06-19.56.54:435][  0]LogTemp: Display: Loaded TP MacClientTargetPlatform
[2019.04.06-19.56.54:452][  0]LogTemp: Display: Loaded TP MacNoEditorTargetPlatform
[2019.04.06-19.56.54:470][  0]LogTemp: Display: Loaded TP MacServerTargetPlatform
[2019.04.06-19.56.54:498][  0]LogTemp: Display: Loaded TP MacTargetPlatform
[2019.04.06-19.56.54:518][  0]LogTemp: Display: Loaded TP WindowsClientTargetPlatform
[2019.04.06-19.56.54:543][  0]LogTemp: Display: Loaded TP WindowsNoEditorTargetPlatform
[2019.04.06-19.56.54:559][  0]LogTemp: Display: Loaded TP WindowsServerTargetPlatform
[2019.04.06-19.56.54:567][  0]LogTemp: Display: Loaded TP WindowsTargetPlatform
[2019.04.06-19.56.54:680][  0]LogTemp: Display: Loaded TP AndroidTargetPlatform
[2019.04.06-19.56.54:680][  0]LogTemp: Display: Loaded TP AndroidTargetPlatform
[2019.04.06-19.56.54:680][  0]LogTemp: Display: Loaded TP AndroidTargetPlatform
[2019.04.06-19.56.54:680][  0]LogTemp: Display: Loaded TP AndroidTargetPlatform
[2019.04.06-19.56.54:680][  0]LogTemp: Display: Loaded TP AndroidTargetPlatform
[2019.04.06-19.56.54:680][  0]LogTemp: Display: Loaded TP AndroidTargetPlatform
[2019.04.06-19.56.54:680][  0]LogTemp: Display: Loaded TP AndroidTargetPlatform
[2019.04.06-19.56.54:680][  0]LogTemp: Display: Loaded TP AndroidTargetPlatform
[2019.04.06-19.56.54:680][  0]LogTemp: Display: Loaded TP AndroidTargetPlatform
[2019.04.06-19.56.54:680][  0]LogTemp: Display: Loaded TP AndroidTargetPlatform
[2019.04.06-19.56.54:680][  0]LogTemp: Display: Loaded TP AndroidTargetPlatform
[2019.04.06-19.56.54:680][  0]LogTemp: Display: Loaded TP AndroidTargetPlatform
[2019.04.06-19.56.54:680][  0]LogTemp: Display: Loaded TP AndroidTargetPlatform
[2019.04.06-19.56.54:680][  0]LogTemp: Display: Loaded TP AndroidTargetPlatform
[2019.04.06-19.56.54:680][  0]LogTemp: Display: Loaded TP AndroidTargetPlatform
[2019.04.06-19.56.54:680][  0]LogTemp: Display: Loaded TP AndroidTargetPlatform
[2019.04.06-19.56.54:680][  0]LogTemp: Display: Loaded TP AndroidTargetPlatform
[2019.04.06-19.56.54:680][  0]LogTemp: Display: Loaded TP AndroidTargetPlatform
[2019.04.06-19.56.54:683][  0]LogTemp: Display: Loaded TP HTML5TargetPlatform
[2019.04.06-19.56.54:749][  0]LogTemp: Display: Loaded TP IOSTargetPlatform
[2019.04.06-19.56.54:749][  0]LogTemp: Display: Loaded TP IOSTargetPlatform
[2019.04.06-19.56.54:778][  0]LogTemp: Display: Loaded TP TVOSTargetPlatform
[2019.04.06-19.56.54:778][  0]LogTemp: Display: Loaded TP TVOSTargetPlatform
[2019.04.06-19.56.54:795][  0]LogTemp: Display: Loaded TP LinuxClientTargetPlatform
[2019.04.06-19.56.54:810][  0]LogTemp: Display: Loaded TP LinuxNoEditorTargetPlatform
[2019.04.06-19.56.54:825][  0]LogTemp: Display: Loaded TP LinuxServerTargetPlatform
[2019.04.06-19.56.54:842][  0]LogTemp: Display: Loaded TP LinuxTargetPlatform
[2019.04.06-19.56.54:908][  0]LogTemp: Display: Loaded TP LuminTargetPlatform
[2019.04.06-19.56.54:908][  0]LogTemp: Display: Loaded TP LuminTargetPlatform
[2019.04.06-19.56.54:908][  0]LogTargetPlatformManager: Display: Building Assets For Windows
[2019.04.06-19.56.55:001][  0]LogShaderCompilers: Guid format shader working directory is -18 characters bigger than the processId version (../../../../../../Users/dielb/Desktop/DES502 Project/Prototype2/Intermediate/Shaders/WorkingDirectory/43904/).
[2019.04.06-19.56.55:001][  0]LogShaderCompilers: Cleaned the shader compiler working directory 'C:/Users/dielb/AppData/Local/Temp/UnrealShaderWorkingDir/4ED9474A49FDE09057743B89274FFFA1/'.
[2019.04.06-19.56.55:004][  0]LogXGEController: Cleaning working directory: C:/Users/dielb/AppData/Local/Temp/UnrealXGEWorkingDir/
[2019.04.06-19.56.55:005][  0]LogXGEController: Cannot use XGE Controller as Incredibuild is not installed on this machine.
[2019.04.06-19.56.55:005][  0]LogShaderCompilers: Cannot use XGE Shader Compiler as Incredibuild is not installed on this machine.
[2019.04.06-19.56.55:005][  0]LogShaderCompilers: Display: Using Local Shader Compiler.
[2019.04.06-19.56.55:621][  0]LogDerivedDataCache: Display: Max Cache Size: 512 MB
[2019.04.06-19.56.55:684][  0]LogDerivedDataCache: Loaded boot cache 0.06s 71MB C:/Users/dielb/AppData/Local/UnrealEngine/4.21/DerivedDataCache/Boot.ddc.
[2019.04.06-19.56.55:684][  0]LogDerivedDataCache: Display: Loaded Boot cache: C:/Users/dielb/AppData/Local/UnrealEngine/4.21/DerivedDataCache/Boot.ddc
[2019.04.06-19.56.55:684][  0]LogDerivedDataCache: FDerivedDataBackendGraph:  Pak pak cache file ../../../../../../Users/dielb/Desktop/DES502 Project/Prototype2/DerivedDataCache/DDC.ddp not found, will not use a pak cache.
[2019.04.06-19.56.55:684][  0]LogDerivedDataCache: Unable to find inner node Pak for hierarchical cache Hierarchy.
[2019.04.06-19.56.55:684][  0]LogDerivedDataCache: FDerivedDataBackendGraph:  CompressedPak pak cache file ../../../../../../Users/dielb/Desktop/DES502 Project/Prototype2/DerivedDataCache/Compressed.ddp not found, will not use a pak cache.
[2019.04.06-19.56.55:684][  0]LogDerivedDataCache: Unable to find inner node CompressedPak for hierarchical cache Hierarchy.
[2019.04.06-19.56.55:701][  0]LogDerivedDataCache: Display: Pak cache opened for reading ../../../Engine/DerivedDataCache/Compressed.ddp.
[2019.04.06-19.56.55:701][  0]LogDerivedDataCache: FDerivedDataBackendGraph:  EnterprisePak pak cache file ../../../Enterprise/DerivedDataCache/Compressed.ddp not found, will not use a pak cache.
[2019.04.06-19.56.55:701][  0]LogDerivedDataCache: Unable to find inner node EnterprisePak for hierarchical cache Hierarchy.
[2019.04.06-19.56.55:714][  0]LogDerivedDataCache: Using Local data cache path C:/Users/dielb/AppData/Local/UnrealEngine/Common/DerivedDataCache: Writable
[2019.04.06-19.56.55:714][  0]LogDerivedDataCache: Shared data cache path not found in *engine.ini, will not use an Shared cache.
[2019.04.06-19.56.55:714][  0]LogDerivedDataCache: Unable to find inner node Shared for hierarchical cache Hierarchy.
[2019.04.06-19.56.55:744][  0]LogMaterial: Verifying Global Shaders for PCD3D_SM5
[2019.04.06-19.56.55:746][  0]LogSlate: Using FreeType 2.6.0
[2019.04.06-19.56.55:747][  0]LogSlate: SlateFontServices - WITH_FREETYPE: 1, WITH_HARFBUZZ: 1
[2019.04.06-19.56.55:867][  0]LogAssetRegistry: FAssetRegistry took 0.0392 seconds to start up
[2019.04.06-19.56.56:284][  0]LogInit: Selected Device Profile: [Windows]
[2019.04.06-19.56.56:475][  0]LogSimplygon: Simplygon DLL not present - disabling.
[2019.04.06-19.56.56:479][  0]LogMeshReduction: Using SimplygonSwarm for distributed automatic mesh merging
[2019.04.06-19.56.56:479][  0]LogMeshReduction: Using ProxyLODMeshReduction for automatic mesh merging
[2019.04.06-19.56.56:479][  0]LogMeshReduction: Using QuadricMeshReduction for automatic static mesh reduction
[2019.04.06-19.56.56:480][  0]LogMeshReduction: No automatic skeletal mesh reduction module available
[2019.04.06-19.56.56:498][  0]LogNetVersion: Prototype 1.0.0, NetCL: 4541578, EngineNetVer: 5, GameNetVer: 0 (Checksum: 218305487)
[2019.04.06-19.56.57:202][  0]LogPackageLocalizationCache: Processed 11 localized package path(s) for 2 prioritized culture(s) in 0.140853 seconds
[2019.04.06-19.56.57:208][  0]LogUObjectArray: 39775 objects as part of root set at end of initial load.
[2019.04.06-19.56.57:208][  0]LogUObjectAllocator: 6914656 out of 0 bytes used by permanent object pool.
[2019.04.06-19.56.57:208][  0]LogUObjectArray: CloseDisregardForGC: 0/0 objects in disregard for GC pool
[2019.04.06-19.56.58:366][  0]LogTcpMessaging: Initializing TcpMessaging bridge
[2019.04.06-19.56.58:381][  0]LogUdpMessaging: Initializing bridge on interface 0.0.0.0:0 to multicast group 230.0.0.1:6666.
[2019.04.06-19.56.59:323][  0]SourceControl: Source control is disabled
[2019.04.06-19.56.59:323][  0]SourceControl: Source control is disabled
[2019.04.06-19.56.59:325][  0]SourceControl: Source control is disabled
[2019.04.06-19.56.59:326][  0]SourceControl: Source control is disabled
[2019.04.06-19.56.59:512][  0]LogAndroidPermission: UAndroidPermissionCallbackProxy::GetInstance
[2019.04.06-19.56.59:687][  0]LogOcInput: OculusInput pre-init called
[2019.04.06-19.56.59:836][  0]LogEngine: Initializing Engine...
[2019.04.06-19.56.59:838][  0]LogHMD: Failed to initialize OpenVR with code 110
[2019.04.06-19.56.59:840][  0]LogStats: UGameplayTagsManager::ConstructGameplayTagTree: ImportINI prefixes -  0.000 s
[2019.04.06-19.56.59:840][  0]LogStats: UGameplayTagsManager::ConstructGameplayTagTree: Construct from data asset -  0.000 s
[2019.04.06-19.56.59:840][  0]LogStats: UGameplayTagsManager::ConstructGameplayTagTree: ImportINI -  0.000 s
[2019.04.06-19.56.59:840][  0]LogStats: UGameplayTagsManager::ConstructGameplayTagTree: GameplayTagTreeChangedEvent.Broadcast -  0.000 s
[2019.04.06-19.57.00:149][  0]LogInit: Initializing FReadOnlyCVARCache
[2019.04.06-19.57.00:171][  0]LogAIModule: Creating AISystem for world Untitled
[2019.04.06-19.57.00:284][  0]LogInit: XAudio2 using 'Speakers (Realtek High Definition Audio)' : 6 channels at 48 kHz using 32 bits per sample (channel mask 0x3f)
[2019.04.06-19.57.00:678][  0]LogInit: FAudioDevice initialized.
[2019.04.06-19.57.00:679][  0]LogNetVersion: Set ProjectVersion to 1.0.0.0. Version Checksum will be recalculated on next use.
[2019.04.06-19.57.00:731][  0]LogDerivedDataCache: Saved boot cache 0.05s 71MB C:/Users/dielb/AppData/Local/UnrealEngine/4.21/DerivedDataCache/Boot.ddc.
[2019.04.06-19.57.00:739][  0]LogInit: Texture streaming: Enabled
[2019.04.06-19.57.00:779][  0]LogEngineSessionManager: EngineSessionManager initialized
[2019.04.06-19.57.00:779][  0]LogEngineSessionManager: EngineSessionManager sent abnormal shutdown report. Type=Crashed, SessionId={83C1E7B9-422B-AD5B-190D-A69647A74A86}
[2019.04.06-19.57.00:808][  0]LogInit: Transaction tracking system initialized
[2019.04.06-19.57.00:842][  0]BlueprintLog: New page: Editor Load
[2019.04.06-19.57.00:947][  0]LocalizationService: Localization service is disabled
[2019.04.06-19.57.01:542][  0]LogFileCache: Scanning file cache for directory 'C:/Users/dielb/Desktop/DES502 Project/Prototype2/Content/' took 0.02s
[2019.04.06-19.57.01:542][  0]LogCook: Display: Max memory allowance for cook 16384mb min free memory 0mb
[2019.04.06-19.57.01:543][  0]LogCook: Display: Mobile HDR setting 1
[2019.04.06-19.57.01:543][  0]LogGameplayTags: Display: UGameplayTagsManager::DoneAddingNativeTags. DelegateIsBound: 0
[2019.04.06-19.57.01:543][  0]LogStats: UGameplayTagsManager::ConstructGameplayTagTree: ImportINI prefixes -  0.000 s
[2019.04.06-19.57.01:543][  0]LogStats: UGameplayTagsManager::ConstructGameplayTagTree: Construct from data asset -  0.000 s
[2019.04.06-19.57.01:543][  0]LogStats: UGameplayTagsManager::ConstructGameplayTagTree: ImportINI -  0.000 s
[2019.04.06-19.57.01:543][  0]LogStats: UGameplayTagsManager::ConstructGameplayTagTree: GameplayTagTreeChangedEvent.Broadcast -  0.000 s
[2019.04.06-19.57.01:714][  0]SourceControl: Source control is disabled
[2019.04.06-19.57.01:715][  0]Cmd: MAP LOAD FILE="../../../../../../Users/dielb/Desktop/DES502 Project/Prototype2/Content/ThirdPersonBP/Maps/ThirdPersonExampleMap.umap" TEMPLATE=0 SHOWPROGRESS=1 FEATURELEVEL=3
[2019.04.06-19.57.01:715][  0]LightingResults: New page: Lighting Build
[2019.04.06-19.57.01:718][  0]MapCheck: New page: Map Check
[2019.04.06-19.57.01:718][  0]LightingResults: New page: Lighting Build
[2019.04.06-19.57.02:891][  0]LogAIModule: Creating AISystem for world ThirdPersonExampleMap
[2019.04.06-19.57.02:928][  0]LogEditorServer: Finished looking for orphan Actors (0.000 secs)
[2019.04.06-19.57.02:956][  0]Cmd: MAP CHECKDEP NOCLEARLOG
[2019.04.06-19.57.02:956][  0]MapCheck: Map check complete: 0 Error(s), 0 Warning(s), took 0.215ms to complete.
[2019.04.06-19.57.02:956][  0]LogFileHelpers: Loading map 'ThirdPersonExampleMap' took 1.241
[2019.04.06-19.57.03:086][  0]LogSlate: Updating window title bar state: overlay mode, drag disabled, window buttons hidden, title bar hidden
[2019.04.06-19.57.03:093][  0]LogSlate: Updating window title bar state: overlay mode, drag disabled, window buttons hidden, title bar hidden
[2019.04.06-19.57.03:100][  0]LogSlate: Updating window title bar state: overlay mode, drag disabled, window buttons hidden, title bar hidden
[2019.04.06-19.57.03:109][  0]LogSlate: Updating window title bar state: overlay mode, drag disabled, window buttons hidden, title bar hidden
[2019.04.06-19.57.03:117][  0]LogCollectionManager: Loaded 0 collections in 0.002631 seconds
[2019.04.06-19.57.03:159][  0]LogFileCache: Scanning file cache for directory 'C:/Users/dielb/Desktop/DES502 Project/Prototype2/Saved/Collections/' took 0.01s
[2019.04.06-19.57.03:159][  0]LogFileCache: Scanning file cache for directory 'C:/Users/dielb/Desktop/DES502 Project/Prototype2/Content/Developers/dielb/Collections/' took 0.01s
[2019.04.06-19.57.03:159][  0]LogFileCache: Scanning file cache for directory 'C:/Users/dielb/Desktop/DES502 Project/Prototype2/Content/Collections/' took 0.01s
[2019.04.06-19.57.03:159][  0]LogCollectionManager: Rebuilt the GUID cache for 0 collections in 0.000000 seconds
[2019.04.06-19.57.03:171][  0]LogContentBrowser: Native class hierarchy populated in 0.0110 seconds. Added 2651 classes and 620 folders.
[2019.04.06-19.57.03:180][  0]LogContentBrowser: Native class hierarchy updated for 'WidgetCarousel' in 0.0003 seconds. Added 0 classes and 0 folders.
[2019.04.06-19.57.03:182][  0]LogPakFile: Registered encryption key '00000000000000000000000000000000': 0 pak files mounted, 0 remain pending
[2019.04.06-19.57.03:183][  0]LogPakFile: Registered encryption key '00000000000000000000000000000000': 0 pak files mounted, 0 remain pending
[2019.04.06-19.57.03:184][  0]LogPakFile: Registered encryption key '00000000000000000000000000000000': 0 pak files mounted, 0 remain pending
[2019.04.06-19.57.03:185][  0]LogPakFile: Registered encryption key '00000000000000000000000000000000': 0 pak files mounted, 0 remain pending
[2019.04.06-19.57.03:185][  0]LogPakFile: Registered encryption key '00000000000000000000000000000000': 0 pak files mounted, 0 remain pending
[2019.04.06-19.57.03:186][  0]LogPakFile: Registered encryption key '00000000000000000000000000000000': 0 pak files mounted, 0 remain pending
[2019.04.06-19.57.03:187][  0]LogPakFile: Registered encryption key '00000000000000000000000000000000': 0 pak files mounted, 0 remain pending
[2019.04.06-19.57.03:187][  0]LogPakFile: Registered encryption key '00000000000000000000000000000000': 0 pak files mounted, 0 remain pending
[2019.04.06-19.57.03:188][  0]LogPakFile: Registered encryption key '00000000000000000000000000000000': 0 pak files mounted, 0 remain pending
[2019.04.06-19.57.03:189][  0]LogPakFile: Registered encryption key '00000000000000000000000000000000': 0 pak files mounted, 0 remain pending
[2019.04.06-19.57.03:189][  0]LogPakFile: Registered encryption key '00000000000000000000000000000000': 0 pak files mounted, 0 remain pending
[2019.04.06-19.57.03:190][  0]LogPakFile: Registered encryption key '00000000000000000000000000000000': 0 pak files mounted, 0 remain pending
[2019.04.06-19.57.03:191][  0]LogPakFile: Registered encryption key '00000000000000000000000000000000': 0 pak files mounted, 0 remain pending
[2019.04.06-19.57.03:191][  0]LogPakFile: Registered encryption key '00000000000000000000000000000000': 0 pak files mounted, 0 remain pending
[2019.04.06-19.57.03:192][  0]LogPakFile: Registered encryption key '00000000000000000000000000000000': 0 pak files mounted, 0 remain pending
[2019.04.06-19.57.03:192][  0]LogPakFile: Registered encryption key '00000000000000000000000000000000': 0 pak files mounted, 0 remain pending
[2019.04.06-19.57.03:193][  0]LogPakFile: Registered encryption key '00000000000000000000000000000000': 0 pak files mounted, 0 remain pending
[2019.04.06-19.57.03:194][  0]LogPakFile: Registered encryption key '00000000000000000000000000000000': 0 pak files mounted, 0 remain pending
[2019.04.06-19.57.03:195][  0]LogPakFile: Registered encryption key '00000000000000000000000000000000': 0 pak files mounted, 0 remain pending
[2019.04.06-19.57.03:195][  0]LogPakFile: Registered encryption key '00000000000000000000000000000000': 0 pak files mounted, 0 remain pending
[2019.04.06-19.57.03:196][  0]LogPakFile: Registered encryption key '00000000000000000000000000000000': 0 pak files mounted, 0 remain pending
[2019.04.06-19.57.03:197][  0]LogPakFile: Registered encryption key '00000000000000000000000000000000': 0 pak files mounted, 0 remain pending
[2019.04.06-19.57.03:197][  0]LogPakFile: Registered encryption key '00000000000000000000000000000000': 0 pak files mounted, 0 remain pending
[2019.04.06-19.57.03:198][  0]LogPakFile: Registered encryption key '00000000000000000000000000000000': 0 pak files mounted, 0 remain pending
[2019.04.06-19.57.03:199][  0]LogPakFile: Registered encryption key '00000000000000000000000000000000': 0 pak files mounted, 0 remain pending
[2019.04.06-19.57.03:200][  0]LogPakFile: Registered encryption key '00000000000000000000000000000000': 0 pak files mounted, 0 remain pending
[2019.04.06-19.57.03:265][  0]LogContentBrowser: Native class hierarchy updated for 'AddContentDialog' in 0.0004 seconds. Added 0 classes and 0 folders.
[2019.04.06-19.57.03:271][  0]LogContentBrowser: Native class hierarchy updated for 'SceneOutliner' in 0.0003 seconds. Added 1 classes and 2 folders.
[2019.04.06-19.57.03:363][  0]LogSlate: Took 0.000222 seconds to synchronously load lazily loaded font '../../../Engine/Content/Slate/Fonts/Roboto-Regular.ttf' (155K)
[2019.04.06-19.57.03:366][  0]LogSlate: Took 0.000222 seconds to synchronously load lazily loaded font '../../../Engine/Content/Slate/Fonts/Roboto-Bold.ttf' (160K)
[2019.04.06-19.57.03:374][  0]LogSlate: Took 0.000257 seconds to synchronously load lazily loaded font '../../../Engine/Content/Editor/Slate/Fonts/FontAwesome.ttf' (139K)
[2019.04.06-19.57.03:489][  0]LogRenderer: Reallocating scene render targets to support 872x368 Format 10 NumSamples 1 (Frame:1).
[2019.04.06-19.57.03:708][  0]LogContentBrowser: Native class hierarchy updated for 'HierarchicalLODOutliner' in 0.0004 seconds. Added 0 classes and 0 folders.
[2019.04.06-19.57.03:708][  0]LogLoad: (Engine Initialization) Total time: 20.36 seconds
[2019.04.06-19.57.03:708][  0]LogLoad: (Engine Initialization) Total Blueprint compile time: 0.00 seconds
[2019.04.06-19.57.03:781][  0]LogContentStreaming: Texture pool size now 1000 MB
[2019.04.06-19.57.03:812][  0]LogSlate: Took 0.000166 seconds to synchronously load lazily loaded font '../../../Engine/Content/Slate/Fonts/Roboto-Light.ttf' (167K)
[2019.04.06-19.57.04:182][  5]LogAssetRegistry: Asset discovery search completed in 8.3374 seconds
[2019.04.06-19.57.04:184][  5]LogCollectionManager: Rebuilt the object cache for 0 collections in 0.000000 seconds (found 0 objects)
[2019.04.06-19.57.04:184][  5]LogCollectionManager: Fixed up redirectors for 0 collections in 0.000076 seconds (updated 0 objects)
[2019.04.06-19.57.04:763][ 38]LogSlate: Took 0.000197 seconds to synchronously load lazily loaded font '../../../Engine/Content/Slate/Fonts/Roboto-Light.ttf' (167K)
[2019.04.06-19.57.07:366][194]LogSlate: FSceneViewport::OnFocusLost() reason 0
[2019.04.06-19.57.07:481][199]LogAssetEditorManager: Opening Asset editor for WidgetBlueprint /Game/MyContent/Hacking/W_Hacking.W_Hacking
[2019.04.06-19.57.08:096][199]LogContentBrowser: Native class hierarchy updated for 'BlueprintGraph' in 0.0007 seconds. Added 117 classes and 0 folders.
[2019.04.06-19.57.09:043][199]LogAssetEditorManager: Opening Asset editor for WidgetBlueprint /Game/MyContent/Hacking/W_Hacking_Node.W_Hacking_Node
[2019.04.06-19.57.09:480][199]LogAssetEditorManager: Opening Asset editor for Blueprint /Game/ThirdPersonBP/Blueprints/ThirdPersonCharacter.ThirdPersonCharacter
[2019.04.06-19.57.09:906][199]LogSlate: Took 0.000208 seconds to synchronously load lazily loaded font '../../../Engine/Content/Slate/Fonts/Roboto-BoldCondensed.ttf' (158K)
[2019.04.06-19.57.10:173][200]LogSlate: Took 0.000279 seconds to synchronously load lazily loaded font '../../../Engine/Content/Slate/Fonts/Roboto-Italic.ttf' (157K)
[2019.04.06-19.57.13:292][351]LogSlate: Window 'W_Hacking' being destroyed
[2019.04.06-19.58.30:477][964]LogSlate: Window 'Color Picker' being destroyed
[2019.04.06-19.58.38:882][467]BlueprintLog: New page: Compile W_Hacking_Node
[2019.04.06-19.58.39:588][501]LogTemp: Repeating last play command: Selected Viewport
[2019.04.06-19.58.39:615][501]LogBlueprintUserMessages: Early PlayInEditor Detection: Level '/Game/ThirdPersonBP/Maps/ThirdPersonExampleMap.ThirdPersonExampleMap:PersistentLevel' has LevelScriptBlueprint '/Game/ThirdPersonBP/Maps/ThirdPersonExampleMap.ThirdPersonExampleMap:PersistentLevel.ThirdPersonExampleMap' with GeneratedClass '/Game/ThirdPersonBP/Maps/ThirdPersonExampleMap.ThirdPersonExampleMap_C' with ClassGeneratedBy '/Game/ThirdPersonBP/Maps/ThirdPersonExampleMap.ThirdPersonExampleMap:PersistentLevel.ThirdPersonExampleMap'
[2019.04.06-19.58.39:615][501]LogPlayLevel: PlayLevel: No blueprints needed recompiling
[2019.04.06-19.58.39:615][501]PIE: New page: PIE session: ThirdPersonExampleMap (6 Apr 2019 21:58:39)
[2019.04.06-19.58.39:628][501]LogPlayLevel: Creating play world package: /Game/ThirdPersonBP/Maps/UEDPIE_0_ThirdPersonExampleMap
[2019.04.06-19.58.39:640][501]LogPlayLevel: PIE: StaticDuplicateObject took: (0.012105s)
[2019.04.06-19.58.39:641][501]LogAIModule: Creating AISystem for world ThirdPersonExampleMap
[2019.04.06-19.58.39:641][501]LogPlayLevel: PIE: World Init took: (0.000746s)
[2019.04.06-19.58.39:641][501]LogPlayLevel: PIE: Created PIE world by copying editor world from /Game/ThirdPersonBP/Maps/ThirdPersonExampleMap.ThirdPersonExampleMap to /Game/ThirdPersonBP/Maps/UEDPIE_0_ThirdPersonExampleMap.ThirdPersonExampleMap (0.013221s)
[2019.04.06-19.58.39:693][501]LogInit: XAudio2 using 'Speakers (Realtek High Definition Audio)' : 6 channels at 48 kHz using 32 bits per sample (channel mask 0x3f)
[2019.04.06-19.58.39:825][501]LogInit: FAudioDevice initialized.
[2019.04.06-19.58.39:838][501]LogSlate: Updating window title bar state: overlay mode, drag disabled, window buttons hidden, title bar hidden
[2019.04.06-19.58.39:944][501]LogLoad: Game class is 'ThirdPersonGameMode_C'
[2019.04.06-19.58.39:951][501]LogWorld: Bringing World /Game/ThirdPersonBP/Maps/UEDPIE_0_ThirdPersonExampleMap.ThirdPersonExampleMap up for play (max tick rate 60) at 2019.04.06-20.58.39
[2019.04.06-19.58.39:951][501]LogWorld: Bringing up level for play took: 0.005884
[2019.04.06-19.58.39:965][501]LogGameMode: FindPlayerStart: PATHS NOT DEFINED or NO PLAYERSTART with positive rating
[2019.04.06-19.58.39:972][501]LogContentBrowser: Native class hierarchy updated for 'MovieSceneCapture' in 0.0005 seconds. Added 20 classes and 0 folders.
[2019.04.06-19.58.39:979][501]PIE: Play in editor start time for /Game/ThirdPersonBP/Maps/UEDPIE_0_ThirdPersonExampleMap -0.167
[2019.04.06-19.58.39:980][501]LogBlueprintUserMessages: Late PlayInEditor Detection: Level '/Game/ThirdPersonBP/Maps/ThirdPersonExampleMap.ThirdPersonExampleMap:PersistentLevel' has LevelScriptBlueprint '/Game/ThirdPersonBP/Maps/ThirdPersonExampleMap.ThirdPersonExampleMap:PersistentLevel.ThirdPersonExampleMap' with GeneratedClass '/Game/ThirdPersonBP/Maps/ThirdPersonExampleMap.ThirdPersonExampleMap_C' with ClassGeneratedBy '/Game/ThirdPersonBP/Maps/ThirdPersonExampleMap.ThirdPersonExampleMap:PersistentLevel.ThirdPersonExampleMap'
[2019.04.06-19.58.40:006][501]LogRenderer: Reallocating scene render targets to support 1024x576 Format 10 NumSamples 1 (Frame:1).
[2019.04.06-19.59.03:271][890]LogBlueprintUserMessages: Early EndPlayMap Detection: Level '/Game/ThirdPersonBP/Maps/ThirdPersonExampleMap.ThirdPersonExampleMap:PersistentLevel' has LevelScriptBlueprint '/Game/ThirdPersonBP/Maps/ThirdPersonExampleMap.ThirdPersonExampleMap:PersistentLevel.ThirdPersonExampleMap' with GeneratedClass '/Game/ThirdPersonBP/Maps/ThirdPersonExampleMap.ThirdPersonExampleMap_C' with ClassGeneratedBy '/Game/ThirdPersonBP/Maps/ThirdPersonExampleMap.ThirdPersonExampleMap:PersistentLevel.ThirdPersonExampleMap'
[2019.04.06-19.59.03:271][890]LogSlate: Updating window title bar state: overlay mode, drag disabled, window buttons hidden, title bar hidden
[2019.04.06-19.59.03:303][890]LogSlate: Window 'Prototype Game Preview Standalone (64-bit/PCD3D_SM5)' being destroyed
[2019.04.06-19.59.03:357][890]LogPlayLevel: Display: Shutting down PIE online subsystems
[2019.04.06-19.59.03:357][890]LogBlueprintUserMessages: Late EndPlayMap Detection: Level '/Game/ThirdPersonBP/Maps/ThirdPersonExampleMap.ThirdPersonExampleMap:PersistentLevel' has LevelScriptBlueprint '/Game/ThirdPersonBP/Maps/ThirdPersonExampleMap.ThirdPersonExampleMap:PersistentLevel.ThirdPersonExampleMap' with GeneratedClass '/Game/ThirdPersonBP/Maps/ThirdPersonExampleMap.ThirdPersonExampleMap_C' with ClassGeneratedBy '/Game/ThirdPersonBP/Maps/ThirdPersonExampleMap.ThirdPersonExampleMap:PersistentLevel.ThirdPersonExampleMap'
[2019.04.06-19.59.03:411][891]LogPlayLevel: Display: Destroying online subsystem :Context_7
[2019.04.06-19.59.19:556][826]BlueprintLog: New page: Compile W_Hacking
[2019.04.06-19.59.20:278][850]Cmd: OBJ SAVEPACKAGE PACKAGE="/Game/MyContent/Hacking/W_Hacking" FILE="../../../../../../Users/dielb/Desktop/DES502 Project/Prototype2/Content/MyContent/Hacking/W_Hacking.uasset" SILENT=true
[2019.04.06-19.59.20:420][850]LogSavePackage: Moving '../../../../../../Users/dielb/Desktop/DES502 Project/Prototype2/Saved/W_Hacking95AFAD2743DD39C7A016AF8D3B7A00F0.tmp' to '../../../../../../Users/dielb/Desktop/DES502 Project/Prototype2/Content/MyContent/Hacking/W_Hacking.uasset'
[2019.04.06-19.59.22:040][920]LogSavePackage: Moving '../../../../../../Users/dielb/Desktop/DES502 Project/Prototype2/Saved/ThirdPersonExampleMapDDE5301F46F6231704C945A4299E0A24.tmp' to '../../../../../../Users/dielb/Desktop/DES502 Project/Prototype2/Content/ThirdPersonBP/Maps/ThirdPersonExampleMap.umap'
[2019.04.06-19.59.22:386][920]LogSavePackage: Moving '../../../../../../Users/dielb/Desktop/DES502 Project/Prototype2/Saved/ThirdPersonExampleMap_BuiltData57CB93A948A983553742CE9D6829C333.tmp' to '../../../../../../Users/dielb/Desktop/DES502 Project/Prototype2/Content/ThirdPersonBP/Maps/ThirdPersonExampleMap_BuiltData.uasset'
[2019.04.06-19.59.24:557][ 49]BlueprintLog: New page: Compile W_Hacking_Node
[2019.04.06-19.59.25:040][ 69]Cmd: OBJ SAVEPACKAGE PACKAGE="/Game/MyContent/Hacking/W_Hacking_Node" FILE="../../../../../../Users/dielb/Desktop/DES502 Project/Prototype2/Content/MyContent/Hacking/W_Hacking_Node.uasset" SILENT=true
[2019.04.06-19.59.25:180][ 69]LogSavePackage: Moving '../../../../../../Users/dielb/Desktop/DES502 Project/Prototype2/Saved/W_Hacking_Node2E797827480AA52EC77E0FB837949DD5.tmp' to '../../../../../../Users/dielb/Desktop/DES502 Project/Prototype2/Content/MyContent/Hacking/W_Hacking_Node.uasset'
[2019.04.06-19.59.31:058][418]LogSlate: Took 0.000294 seconds to synchronously load lazily loaded font '../../../Engine/Content/Slate/Fonts/Roboto-BoldCondensedItalic.ttf' (160K)
[2019.04.06-19.59.38:097][835]LogClass: Warning: Type mismatch in Nodes of W_Hacking_C - Previous (BoolProperty) Current(ObjectProperty) for package:  FObjectReader
[2019.04.06-19.59.39:585][911]BlueprintLog: New page: Compile W_Hacking
[2019.04.06-19.59.40:109][926]Cmd: OBJ SAVEPACKAGE PACKAGE="/Game/MyContent/Hacking/W_Hacking" FILE="../../../../../../Users/dielb/Desktop/DES502 Project/Prototype2/Content/MyContent/Hacking/W_Hacking.uasset" SILENT=true
[2019.04.06-19.59.40:241][926]LogSavePackage: Moving '../../../../../../Users/dielb/Desktop/DES502 Project/Prototype2/Saved/W_HackingA6F9577A44E14020F6EC14B46FB3F0BE.tmp' to '../../../../../../Users/dielb/Desktop/DES502 Project/Prototype2/Content/MyContent/Hacking/W_Hacking.uasset'
[2019.04.06-19.59.41:908][  1]LogSavePackage: Moving '../../../../../../Users/dielb/Desktop/DES502 Project/Prototype2/Saved/ThirdPersonExampleMap8BBA9CCF4CC775C89B1EAB90FCD75C7D.tmp' to '../../../../../../Users/dielb/Desktop/DES502 Project/Prototype2/Content/ThirdPersonBP/Maps/ThirdPersonExampleMap.umap'
[2019.04.06-19.59.42:179][  1]LogSavePackage: Moving '../../../../../../Users/dielb/Desktop/DES502 Project/Prototype2/Saved/ThirdPersonExampleMap_BuiltData36A1DC044DF88C7B4CB562AAB5A63AAF.tmp' to '../../../../../../Users/dielb/Desktop/DES502 Project/Prototype2/Content/ThirdPersonBP/Maps/ThirdPersonExampleMap_BuiltData.uasset'
[2019.04.06-19.59.43:973][105]LogClass: Warning: Type mismatch in Nodes of W_Hacking_C - Previous (ObjectProperty) Current(ArrayProperty) for package:  FObjectReader
[2019.04.06-19.59.48:809][105]LogWindows: Error: === Critical error: ===
[2019.04.06-19.59.48:809][105]LogWindows: Error: 
[2019.04.06-19.59.48:809][105]LogWindows: Error: Fatal error!
[2019.04.06-19.59.48:809][105]LogWindows: Error: 
[2019.04.06-19.59.48:809][105]LogWindows: Error: Unhandled Exception: EXCEPTION_ACCESS_VIOLATION reading address 0x0000010e
[2019.04.06-19.59.48:809][105]LogWindows: Error: 
[2019.04.06-19.59.48:809][105]LogWindows: Error: [Callstack] 0x00007ff8d1a3441e UE4Editor-BlueprintGraph.dll!UnknownFunction []
[2019.04.06-19.59.48:809][105]LogWindows: Error: [Callstack] 0x00007ff8d19fa520 UE4Editor-BlueprintGraph.dll!UnknownFunction []
[2019.04.06-19.59.48:809][105]LogWindows: Error: [Callstack] 0x0000023d3193f115 UE4Editor-Kismet.dll!UnknownFunction []
[2019.04.06-19.59.48:809][105]LogWindows: Error: [Callstack] 0x0000023d318e6abe UE4Editor-Kismet.dll!UnknownFunction []
[2019.04.06-19.59.48:810][105]LogWindows: Error: [Callstack] 0x00007ff8dc2e0f23 UE4Editor-KismetWidgets.dll!UnknownFunction []
[2019.04.06-19.59.48:810][105]LogWindows: Error: [Callstack] 0x00007ff8dc2e0911 UE4Editor-KismetWidgets.dll!UnknownFunction []
[2019.04.06-19.59.48:810][105]LogWindows: Error: [Callstack] 0x00007ff8dc2d0f17 UE4Editor-KismetWidgets.dll!UnknownFunction []
[2019.04.06-19.59.48:810][105]LogWindows: Error: [Callstack] 0x00007ff8d7e37c74 UE4Editor-Slate.dll!UnknownFunction []
[2019.04.06-19.59.48:810][105]LogWindows: Error: [Callstack] 0x00007ff8d8084393 UE4Editor-Slate.dll!UnknownFunction []
[2019.04.06-19.59.48:810][105]LogWindows: Error: [Callstack] 0x00007ff8d7e92d7a UE4Editor-Slate.dll!UnknownFunction []
[2019.04.06-19.59.48:810][105]LogWindows: Error: [Callstack] 0x00007ff8d7e68a70 UE4Editor-Slate.dll!UnknownFunction []
[2019.04.06-19.59.48:810][105]LogWindows: Error: [Callstack] 0x00007ff8d7e5b263 UE4Editor-Slate.dll!UnknownFunction []
[2019.04.06-19.59.48:810][105]LogWindows: Error: [Callstack] 0x00007ff92a83dc66 UE4Editor-ApplicationCore.dll!UnknownFunction []
[2019.04.06-19.59.48:810][105]LogWindows: Error: [Callstack] 0x00007ff92a830de0 UE4Editor-ApplicationCore.dll!UnknownFunction []
[2019.04.06-19.59.48:810][105]LogWindows: Error: [Callstack] 0x00007ff92a8401eb UE4Editor-ApplicationCore.dll!UnknownFunction []
[2019.04.06-19.59.48:810][105]LogWindows: Error: [Callstack] 0x00007ff92a82ca19 UE4Editor-ApplicationCore.dll!UnknownFunction []
[2019.04.06-19.59.48:810][105]LogWindows: Error: [Callstack] 0x00007ff94e2aca66 USER32.dll!UnknownFunction []
[2019.04.06-19.59.48:810][105]LogWindows: Error: [Callstack] 0x00007ff94e2ac582 USER32.dll!UnknownFunction []
[2019.04.06-19.59.48:810][105]LogWindows: Error: [Callstack] 0x00007ff92a841746 UE4Editor-ApplicationCore.dll!UnknownFunction []
[2019.04.06-19.59.48:810][105]LogWindows: Error: [Callstack] 0x00007ff7ac1b5546 UE4Editor.exe!UnknownFunction []
[2019.04.06-19.59.48:810][105]LogWindows: Error: [Callstack] 0x00007ff7ac1c596c UE4Editor.exe!UnknownFunction []
[2019.04.06-19.59.48:810][105]LogWindows: Error: [Callstack] 0x00007ff7ac1c59ea UE4Editor.exe!UnknownFunction []
[2019.04.06-19.59.48:810][105]LogWindows: Error: [Callstack] 0x00007ff7ac1d48da UE4Editor.exe!UnknownFunction []
[2019.04.06-19.59.48:810][105]LogWindows: Error: [Callstack] 0x00007ff7ac1d659a UE4Editor.exe!UnknownFunction []
[2019.04.06-19.59.48:810][105]LogWindows: Error: [Callstack] 0x00007ff94ea281f4 KERNEL32.DLL!UnknownFunction []
[2019.04.06-19.59.48:810][105]LogWindows: Error: [Callstack] 0x00007ff9504ea251 ntdll.dll!UnknownFunction []
[2019.04.06-19.59.48:810][105]LogWindows: Error: 
[2019.04.06-19.59.48:821][105]LogExit: Executing StaticShutdownAfterError
[2019.04.06-19.59.48:826][105]LogWindows: FPlatformMisc::RequestExit(1)
[2019.04.06-19.59.48:833][105]Log file closed, 04/06/19 20:59:48
